Started GET "/" for 127.0.0.1 at 2017-06-21 18:07:42 -0400
Processing by Rails::WelcomeController#index as HTML
  Rendering /Users/johnson/.rvm/gems/ruby-2.3.1/gems/railties-5.1.1/lib/rails/templates/rails/welcome/index.html.erb
  Rendered /Users/johnson/.rvm/gems/ruby-2.3.1/gems/railties-5.1.1/lib/rails/templates/rails/welcome/index.html.erb (4.1ms)
Completed 200 OK in 164ms (Views: 8.7ms)


Started GET "/" for 127.0.0.1 at 2017-06-21 18:09:00 -0400
Processing by PagesController#index as HTML
  Rendering pages/index.html.erb within layouts/application
  Rendered pages/index.html.erb within layouts/application (0.3ms)
Completed 200 OK in 565ms (Views: 563.4ms)


Started GET "/" for 127.0.0.1 at 2017-06-21 18:20:38 -0400
Processing by PagesController#index as HTML
  Rendering pages/index.html.erb within layouts/application
  Rendered pages/index.html.erb within layouts/application (1.1ms)
Completed 200 OK in 326ms (Views: 186.1ms)


Started GET "/" for 127.0.0.1 at 2017-06-21 18:22:43 -0400
Processing by PagesController#index as HTML
  Rendering pages/index.html.erb within layouts/application
  Rendered pages/index.html.erb within layouts/application (219.1ms)
Completed 500 Internal Server Error in 225ms


  
ActionView::Template::Error (undefined local variable or method `about_page' for #<#<Class:0x007ff33512d3a8>:0x007ff32fb21bf8>
Did you mean?  about_path):
    1: Index.html should be here :) :)
    2: <%=link_to "About page", about_page %>
  
app/views/pages/index.html.erb:2:in `_app_views_pages_index_html_erb___3019594414511705400_70341272104480'
Started GET "/" for 127.0.0.1 at 2017-06-21 18:23:19 -0400
Processing by PagesController#index as HTML
  Rendering pages/index.html.erb within layouts/application
  Rendered pages/index.html.erb within layouts/application (176.2ms)
Completed 500 Internal Server Error in 181ms


  
ActionView::Template::Error (undefined local variable or method `about' for #<#<Class:0x007ff33512d3a8>:0x007ff33553dfb0>
Did you mean?  about_url
               abort):
    1: Index.html should be here :) :)
    2: <%=link_to "About page", about %>
  
app/views/pages/index.html.erb:2:in `_app_views_pages_index_html_erb___3019594414511705400_70341274236060'
Started GET "/" for 127.0.0.1 at 2017-06-21 18:23:24 -0400
Processing by PagesController#index as HTML
  Rendering pages/index.html.erb within layouts/application
  Rendered pages/index.html.erb within layouts/application (155.5ms)
Completed 500 Internal Server Error in 160ms


  
ActionView::Template::Error (undefined local variable or method `about' for #<#<Class:0x007ff33512d3a8>:0x007ff33256afb8>
Did you mean?  about_url
               abort):
    1: Index.html should be here :) :)
    2: <%=link_to "About page", about %>
  
app/views/pages/index.html.erb:2:in `_app_views_pages_index_html_erb___3019594414511705400_70341249172260'
Started GET "/" for 127.0.0.1 at 2017-06-21 18:23:51 -0400
Processing by PagesController#index as HTML
  Rendering pages/index.html.erb within layouts/application
  Rendered pages/index.html.erb within layouts/application (190.3ms)
Completed 500 Internal Server Error in 195ms


  
ActionView::Template::Error (undefined local variable or method `about_page' for #<#<Class:0x007ff33512d3a8>:0x007ff33577b188>
Did you mean?  about_path):
    1: Index.html should be here :) :)
    2: <%=link_to "About page", about_page %>
  
app/views/pages/index.html.erb:2:in `_app_views_pages_index_html_erb___3019594414511705400_70341275409800'
Started GET "/" for 127.0.0.1 at 2017-06-21 18:23:57 -0400
Processing by PagesController#index as HTML
  Rendering pages/index.html.erb within layouts/application
  Rendered pages/index.html.erb within layouts/application (190.6ms)
Completed 500 Internal Server Error in 195ms


  
ActionView::Template::Error (undefined local variable or method `about_page' for #<#<Class:0x007ff33512d3a8>:0x007ff336743340>
Did you mean?  about_path):
    1: Index.html should be here :) :)
    2: <%=link_to "About page", about_page %>
  
app/views/pages/index.html.erb:2:in `_app_views_pages_index_html_erb___3019594414511705400_70341283683940'
Started GET "/" for 127.0.0.1 at 2017-06-21 18:24:47 -0400
Processing by PagesController#index as HTML
  Rendering pages/index.html.erb within layouts/application
  Rendered pages/index.html.erb within layouts/application (0.6ms)
Completed 200 OK in 28ms (Views: 26.5ms)


Started GET "/about" for 127.0.0.1 at 2017-06-21 18:24:49 -0400
Processing by PagesController#about as HTML
  Rendering pages/about.html.erb within layouts/application
  Rendered pages/about.html.erb within layouts/application (217.2ms)
Completed 500 Internal Server Error in 226ms


  
ActionView::Template::Error (undefined local variable or method `home' for #<#<Class:0x007ff33512d3a8>:0x007ff335188988>):
    1: About.html should be here :) :)
    2: <%=link_to "About page", home %>
  
app/views/pages/about.html.erb:2:in `_app_views_pages_about_html_erb___2619037109879582277_70341272291720'
Started GET "/about" for 127.0.0.1 at 2017-06-21 18:25:03 -0400
Processing by PagesController#about as HTML
  Rendering pages/about.html.erb within layouts/application
  Rendered pages/about.html.erb within layouts/application (0.5ms)
Completed 200 OK in 14ms (Views: 12.3ms)


Started GET "/" for 127.0.0.1 at 2017-06-21 18:25:11 -0400
Processing by PagesController#index as HTML
  Rendering pages/index.html.erb within layouts/application
  Rendered pages/index.html.erb within layouts/application (0.8ms)
Completed 200 OK in 30ms (Views: 24.1ms)


Started GET "/about" for 127.0.0.1 at 2017-06-21 18:25:12 -0400
Processing by PagesController#about as HTML
  Rendering pages/about.html.erb within layouts/application
  Rendered pages/about.html.erb within layouts/application (0.6ms)
Completed 200 OK in 27ms (Views: 25.3ms)


Started GET "/" for 127.0.0.1 at 2017-06-21 18:25:14 -0400
Processing by PagesController#index as HTML
  Rendering pages/index.html.erb within layouts/application
  Rendered pages/index.html.erb within layouts/application (0.7ms)
Completed 200 OK in 28ms (Views: 24.5ms)


Started GET "/about" for 127.0.0.1 at 2017-06-21 18:25:14 -0400
Processing by PagesController#about as HTML
  Rendering pages/about.html.erb within layouts/application
  Rendered pages/about.html.erb within layouts/application (0.6ms)
Completed 200 OK in 25ms (Views: 20.8ms)


Started GET "/" for 127.0.0.1 at 2017-06-21 18:25:15 -0400
Processing by PagesController#index as HTML
  Rendering pages/index.html.erb within layouts/application
  Rendered pages/index.html.erb within layouts/application (0.7ms)
Completed 200 OK in 27ms (Views: 24.6ms)


Started GET "/about" for 127.0.0.1 at 2017-06-21 18:25:16 -0400
Processing by PagesController#about as HTML
  Rendering pages/about.html.erb within layouts/application
  Rendered pages/about.html.erb within layouts/application (2.0ms)
Completed 200 OK in 27ms (Views: 24.6ms)


Started GET "/" for 127.0.0.1 at 2017-06-21 18:25:16 -0400
Processing by PagesController#index as HTML
  Rendering pages/index.html.erb within layouts/application
  Rendered pages/index.html.erb within layouts/application (0.7ms)
Completed 200 OK in 24ms (Views: 22.0ms)


Started GET "/about" for 127.0.0.1 at 2017-06-21 18:25:16 -0400
Processing by PagesController#about as HTML
  Rendering pages/about.html.erb within layouts/application
  Rendered pages/about.html.erb within layouts/application (0.6ms)
Completed 200 OK in 25ms (Views: 22.5ms)


Started GET "/" for 127.0.0.1 at 2017-06-21 18:25:17 -0400
Processing by PagesController#index as HTML
  Rendering pages/index.html.erb within layouts/application
  Rendered pages/index.html.erb within layouts/application (1.3ms)
Completed 200 OK in 26ms (Views: 23.0ms)


Started GET "/about" for 127.0.0.1 at 2017-06-21 18:25:17 -0400
Processing by PagesController#about as HTML
  Rendering pages/about.html.erb within layouts/application
  Rendered pages/about.html.erb within layouts/application (0.7ms)
Completed 200 OK in 27ms (Views: 25.3ms)


Started GET "/" for 127.0.0.1 at 2017-06-21 18:25:17 -0400
Processing by PagesController#index as HTML
  Rendering pages/index.html.erb within layouts/application
  Rendered pages/index.html.erb within layouts/application (1.0ms)
Completed 200 OK in 24ms (Views: 20.0ms)


Started GET "/about" for 127.0.0.1 at 2017-06-21 18:25:17 -0400
Processing by PagesController#about as HTML
  Rendering pages/about.html.erb within layouts/application
  Rendered pages/about.html.erb within layouts/application (0.5ms)
Completed 200 OK in 18ms (Views: 13.8ms)


Started GET "/" for 127.0.0.1 at 2017-06-21 18:25:17 -0400
Processing by PagesController#index as HTML
  Rendering pages/index.html.erb within layouts/application
  Rendered pages/index.html.erb within layouts/application (0.5ms)
Completed 200 OK in 17ms (Views: 14.5ms)


Started GET "/about" for 127.0.0.1 at 2017-06-21 18:25:17 -0400
Processing by PagesController#about as HTML
  Rendering pages/about.html.erb within layouts/application
  Rendered pages/about.html.erb within layouts/application (0.5ms)
Completed 200 OK in 23ms (Views: 17.1ms)


